-------------------------------------------------------------------------------
Test set: net.greet.commands.CounterCommandTest
-------------------------------------------------------------------------------
Tests run: 1, Failures: 1, Errors: 0, Skipped: 0, Time elapsed: 0.328 s <<< FAILURE! - in net.greet.commands.CounterCommandTest
shouldReturnCountUsersGreeted  Time elapsed: 0.328 s  <<< FAILURE!
org.opentest4j.AssertionFailedError: expected: <true> but was: <false>
	at net.greet.commands.CounterCommandTest.shouldReturnCountUsersGreeted(CounterCommandTest.java:24)

