<?xml version="1.0" encoding="UTF-8"?>
<testsuite xmlns:xsi="http://www.w3.org/2001/XMLSchema-instance" xsi:noNamespaceSchemaLocation="https://maven.apache.org/surefire/maven-surefire-plugin/xsd/surefire-test-report.xsd" name="commands.ProcessorTest" time="0" tests="3" errors="0" skipped="0" failures="0">
  <properties>
[...]
</properties>
  <testcase name="shouldGreetUserInDefaultLanguage" classname="commands.ProcessorTest" time="0"/>
  <testcase name="shouldGreetUserWithLanguage" classname="commands.ProcessorTest" time="0"/>
  <testcase name="shouldGetUser" classname="commands.ProcessorTest" time="0"/>
</testsuite>