<?xml version="1.0" encoding="UTF-8"?>
<testsuite xmlns:xsi="http://www.w3.org/2001/XMLSchema-instance" xsi:noNamespaceSchemaLocation="https://maven.apache.org/surefire/maven-surefire-plugin/xsd/surefire-test-report.xsd" name="db.processes.DbProcessTest" time="0.92" tests="2" errors="0" skipped="0" failures="0">
  <properties>
[...]
</properties>
  <testcase name="shouldMoveDataFromArrayListToDatabase" classname="db.processes.DbProcessTest" time="0.546"/>
  <testcase name="shouldMoveDataFromDbToArrayList" classname="db.processes.DbProcessTest" time="0.374"/>
</testsuite>